<?xml version="1.0" encoding="UTF-8"?>
<testng-results ignored="2" total="8" passed="6" failed="0" skipped="0">
  <reporter-output>
  </reporter-output>
  <suite started-at="2020-11-24T20:42:04 EST" name="Suite" finished-at="2020-11-24T20:42:05 EST" duration-ms="137">
    <groups>
      <group name="Smoke">
        <method signature="CLASS1.Demo()[pri:0, instance:test.CLASS1@291b4bf5]" name="Demo" class="test.CLASS1"/>
        <method signature="Other2.rr()[pri:0, instance:test.Other2@2d2ffcb7]" name="rr" class="test.Other2"/>
      </group> <!-- Smoke -->
    </groups>
    <test started-at="2020-11-24T20:42:04 EST" name="Ploan" finished-at="2020-11-24T20:42:05 EST" duration-ms="46">
      <class name="test.CLASS1">
        <test-method signature="Demo()[pri:0, instance:test.CLASS1@291b4bf5]" started-at="2020-11-24T20:42:05 EST" name="Demo" finished-at="2020-11-24T20:42:05 EST" duration-ms="2" status="PASS">
          <reporter-output>
          </reporter-output>
        </test-method> <!-- Demo -->
        <test-method signature="real()[pri:0, instance:test.CLASS1@291b4bf5]" started-at="2020-11-24T20:42:05 EST" name="real" finished-at="2020-11-24T20:42:05 EST" duration-ms="1" status="PASS">
          <reporter-output>
          </reporter-output>
        </test-method> <!-- real -->
      </class> <!-- test.CLASS1 -->
      <class name="test.covid">
        <test-method is-config="true" signature="kys()[pri:0, instance:test.covid@58ea606c]" started-at="2020-11-24T20:42:04 EST" name="kys" finished-at="2020-11-24T20:42:04 EST" duration-ms="1" status="PASS">
          <reporter-output>
          </reporter-output>
        </test-method> <!-- kys -->
        <test-method signature="d()[pri:0, instance:test.covid@58ea606c]" started-at="2020-11-24T20:42:04 EST" name="d" finished-at="2020-11-24T20:42:05 EST" duration-ms="6" status="PASS">
          <reporter-output>
          </reporter-output>
        </test-method> <!-- d -->
      </class> <!-- test.covid -->
      <class name="test.Other2">
        <test-method signature="d()[pri:0, instance:test.Other2@2d2ffcb7]" started-at="2020-11-24T20:42:05 EST" name="d" finished-at="2020-11-24T20:42:05 EST" duration-ms="1" status="PASS">
          <reporter-output>
          </reporter-output>
        </test-method> <!-- d -->
        <test-method signature="rr()[pri:0, instance:test.Other2@2d2ffcb7]" started-at="2020-11-24T20:42:05 EST" name="rr" finished-at="2020-11-24T20:42:05 EST" duration-ms="1" status="PASS">
          <reporter-output>
          </reporter-output>
        </test-method> <!-- rr -->
      </class> <!-- test.Other2 -->
    </test> <!-- Ploan -->
    <test started-at="2020-11-24T20:42:05 EST" name="r" finished-at="2020-11-24T20:42:05 EST" duration-ms="5">
      <class name="test.Other">
        <test-method is-config="true" signature="BeforeS()[pri:0, instance:test.Other@2a266d09]" started-at="2020-11-24T20:42:04 EST" name="BeforeS" finished-at="2020-11-24T20:42:04 EST" duration-ms="8" status="PASS">
          <reporter-output>
          </reporter-output>
        </test-method> <!-- BeforeS -->
        <test-method is-config="true" signature="Before()[pri:0, instance:test.Other@2a266d09]" started-at="2020-11-24T20:42:05 EST" name="Before" finished-at="2020-11-24T20:42:05 EST" duration-ms="0" status="PASS">
          <reporter-output>
          </reporter-output>
        </test-method> <!-- Before -->
        <test-method signature="d()[pri:0, instance:test.Other@2a266d09]" started-at="2020-11-24T20:42:05 EST" name="d" finished-at="2020-11-24T20:42:05 EST" duration-ms="2" status="PASS">
          <reporter-output>
          </reporter-output>
        </test-method> <!-- d -->
      </class> <!-- test.Other -->
    </test> <!-- r -->
  </suite> <!-- Suite -->
</testng-results>
