<?xml version="1.0" encoding="UTF-8"?>
<!-- Generated by org.testng.reporters.JUnitXMLReporter -->
<testsuite ignored="1" hostname="LAPTOP-41VI2DO3" failures="0" tests="5" name="Ploan" time="0.046" errors="0" timestamp="2020-11-24T20:42:05 EST">
  <testcase classname="test.covid" name="d" time="0.006"/>
  <testcase classname="test.CLASS1" name="Demo" time="0.002"/>
  <testcase classname="test.CLASS1" name="real" time="0.001"/>
  <testcase classname="test.Other2" name="d" time="0.001"/>
  <testcase classname="test.Other2" name="rr" time="0.001"/>
  <testcase classname="test.covid" name="rr" time="0.0">
    <ignored/>
  </testcase> <!-- rr -->
</testsuite> <!-- Ploan -->
