<?xml version="1.0" encoding="UTF-8"?>
<!-- Generated by org.testng.reporters.JUnitXMLReporter -->
<testsuite ignored="0" hostname="LAPTOP-41VI2DO3" failures="1" tests="4" name="Test" time="0.045" errors="0" timestamp="2020-11-23T14:14:19 EST">
  <testcase classname="test.CLASS1" name="Demo" time="0.008"/>
  <testcase classname="test.CLASS1" name="real" time="0.001"/>
  <testcase classname="test.covid" name="d" time="0.001"/>
  <testcase classname="test.covid" name="r" time="0.001">
    <failure type="java.lang.Error" message="Unresolved compilation problems: 
	Syntax error, insert &amp;quot;VariableDeclarators&amp;quot; to complete LocalVariableDeclaration
	Syntax error, insert &amp;quot;;&amp;quot; to complete BlockStatements
	jfjf cannot be resolved
">
      <![CDATA[java.lang.Error: Unresolved compilation problems: 
Syntax error, insert "VariableDeclarators" to complete LocalVariableDeclaration
Syntax error, insert ";" to complete BlockStatements
jfjf cannot be resolved

at test.covid.r(covid.java:17)
at java.base/java.util.ArrayList.forEach(ArrayList.java:1511)
... Removed 27 stack frames]]>
    </failure>
  </testcase> <!-- r -->
</testsuite> <!-- Test -->
